<?xml version="1.0" encoding="UTF-8"?>
<!-- Generated by org.testng.reporters.JUnitXMLReporter -->
<testsuite ignored="0" hostname="DESKTOP-MMSR92P" failures="0" tests="4" name="Surefire test" time="0.045" errors="0" timestamp="2025-03-28T11:23:07 IST">
  <testcase classname="maven.ContactTest" name="createcontact" time="0.005"/>
  <testcase classname="maven.ContactTest" name="verifycontact" time="0.0"/>
  <testcase classname="maven1.OrgTest" name="createorg" time="0.001"/>
  <testcase classname="maven1.OrgTest" name="verifyorg" time="0.001"/>
</testsuite> <!-- Surefire test -->
