<?xml version="1.0" encoding="UTF-8"?>
<testng-results ignored="0" total="2" passed="2" failed="0" skipped="0">
  <reporter-output>
  </reporter-output>
  <suite started-at="2025-03-28T12:46:46 IST" name="Suite" finished-at="2025-03-28T12:46:46 IST" duration-ms="39">
    <groups>
    </groups>
    <test started-at="2025-03-28T12:46:46 IST" name="Test" finished-at="2025-03-28T12:46:46 IST" duration-ms="39">
      <class name="maven1.OrgTest">
        <test-method signature="createorg()[pri:0, instance:maven1.OrgTest@30ee2816]" started-at="2025-03-28T12:46:46 IST" name="createorg" finished-at="2025-03-28T12:46:46 IST" duration-ms="5" status="PASS">
          <reporter-output>
          </reporter-output>
        </test-method> <!-- createorg -->
        <test-method signature="verifyorg()[pri:0, instance:maven1.OrgTest@30ee2816]" started-at="2025-03-28T12:46:46 IST" name="verifyorg" finished-at="2025-03-28T12:46:46 IST" duration-ms="1" status="PASS">
          <reporter-output>
          </reporter-output>
        </test-method> <!-- verifyorg -->
      </class> <!-- maven1.OrgTest -->
    </test> <!-- Test -->
  </suite> <!-- Suite -->
</testng-results>
